This file contains any messages produced by compilers while
running configure, to aid debugging if configure makes a mistake.

It was created by Stump Window Manager configure 0.9.7, which was
generated by GNU Autoconf 2.69.  Invocation command line was

  $ ./configure 

## --------- ##
## Platform. ##
## --------- ##

hostname = ElectricDreams
uname -m = x86_64
uname -r = 3.10.9-1-ARCH
uname -s = Linux
uname -v = #1 SMP PREEMPT Wed Aug 21 13:49:35 CEST 2013

/usr/bin/uname -p = unknown
/bin/uname -X     = unknown

/bin/arch              = unknown
/usr/bin/arch -k       = unknown
/usr/convex/getsysinfo = unknown
/usr/bin/hostinfo      = unknown
/bin/machine           = unknown
/usr/bin/oslevel       = unknown
/bin/universe          = unknown

PATH: /usr/local/sbin
PATH: /usr/local/bin
PATH: /usr/bin
PATH: /usr/bin/core_perl


## ----------- ##
## Core tests. ##
## ----------- ##

configure:1769: checking for sbcl
configure:1787: found /usr/bin/sbcl
configure:1800: result: /usr/bin/sbcl
configure:1819: checking for clisp
configure:1853: result: no
configure:1869: checking for ccl
configure:1903: result: no
configure:1919: checking for ecl
configure:1953: result: no
configure:1969: checking for lw
configure:2003: result: no
configure:2040: Using sbcl at /usr/bin/sbcl
configure:2047: checking for makeinfo
configure:2063: found /usr/bin/makeinfo
configure:2075: result: yes
configure:2090: checking for xdpyinfo
configure:2118: result: no
configure:2290: creating ./config.status

## ---------------------- ##
## Running config.status. ##
## ---------------------- ##

This file was extended by Stump Window Manager config.status 0.9.7, which was
generated by GNU Autoconf 2.69.  Invocation command line was

  CONFIG_FILES    = 
  CONFIG_HEADERS  = 
  CONFIG_LINKS    = 
  CONFIG_COMMANDS = 
  $ ./config.status 

on ElectricDreams

config.status:722: creating Makefile
configure:3447: creating ./config.status

## ---------------------- ##
## Running config.status. ##
## ---------------------- ##

This file was extended by Stump Window Manager config.status 0.9.7, which was
generated by GNU Autoconf 2.69.  Invocation command line was

  CONFIG_FILES    = 
  CONFIG_HEADERS  = 
  CONFIG_LINKS    = 
  CONFIG_COMMANDS = 
  $ ./config.status 

on ElectricDreams

config.status:723: creating Makefile
config.status:723: creating make-image.lisp

## ---------------- ##
## Cache variables. ##
## ---------------- ##

ac_cv_env_build_alias_set=
ac_cv_env_build_alias_value=
ac_cv_env_host_alias_set=
ac_cv_env_host_alias_value=
ac_cv_env_target_alias_set=
ac_cv_env_target_alias_value=
ac_cv_path_CCL=
ac_cv_path_CLISP=
ac_cv_path_ECL=
ac_cv_path_LW=
ac_cv_path_SBCL=/usr/bin/sbcl
ac_cv_prog_MAKEINFO=yes
ac_cv_prog_XDPYINFO=no

## ----------------- ##
## Output variables. ##
## ----------------- ##

CCL=''
CLISP=''
CONTRIB_DIR='/home/cas/stumpwm/contrib'
DEFS='-DPACKAGE_NAME=\"Stump\ Window\ Manager\" -DPACKAGE_TARNAME=\"stump-window-manager\" -DPACKAGE_VERSION=\"0.9.7\" -DPACKAGE_STRING=\"Stump\ Window\ Manager\ 0.9.7\" -DPACKAGE_BUGREPORT=\"sabetts@gmail.com\" -DPACKAGE_URL=\"\"'
ECHO_C=''
ECHO_N='-n'
ECHO_T=''
ECL=''
LIBOBJS=''
LIBS=''
LISP='sbcl'
LISP_PROGRAM='/usr/bin/sbcl'
LTLIBOBJS=''
LW=''
MAKEINFO='yes'
PACKAGE_BUGREPORT='sabetts@gmail.com'
PACKAGE_NAME='Stump Window Manager'
PACKAGE_STRING='Stump Window Manager 0.9.7'
PACKAGE_TARNAME='stump-window-manager'
PACKAGE_URL=''
PACKAGE_VERSION='0.9.7'
PATH_SEPARATOR=':'
SBCL='/usr/bin/sbcl'
SHELL='/bin/sh'
XDPYINFO='no'
bindir='${exec_prefix}/bin'
build_alias=''
datadir='${datarootdir}'
datarootdir='${prefix}/share'
docdir='${datarootdir}/doc/${PACKAGE_TARNAME}'
dvidir='${docdir}'
exec_prefix='${prefix}'
host_alias=''
htmldir='${docdir}'
includedir='${prefix}/include'
infodir='${datarootdir}/info'
libdir='${exec_prefix}/lib'
libexecdir='${exec_prefix}/libexec'
localedir='${datarootdir}/locale'
localstatedir='${prefix}/var'
mandir='${datarootdir}/man'
oldincludedir='/usr/include'
pdfdir='${docdir}'
prefix='/usr/local'
program_transform_name='s,x,x,'
psdir='${docdir}'
sbindir='${exec_prefix}/sbin'
sharedstatedir='${prefix}/com'
sysconfdir='${prefix}/etc'
target_alias=''

## ----------- ##
## confdefs.h. ##
## ----------- ##

/* confdefs.h */
#define PACKAGE_NAME "Stump Window Manager"
#define PACKAGE_TARNAME "stump-window-manager"
#define PACKAGE_VERSION "0.9.7"
#define PACKAGE_STRING "Stump Window Manager 0.9.7"
#define PACKAGE_BUGREPORT "sabetts@gmail.com"
#define PACKAGE_URL ""

configure: exit 0
